<?xml version="1.0" encoding="UTF-8"?>
<!-- Generated by org.testng.reporters.JUnitReportReporter -->
<testsuite skipped="0" hostname="vaibs-pc" name="com.emt.testcases.RegistrationPageTest" tests="1" failures="0" timestamp="2021-10-18T16:18:10 IST" time="17.974" errors="0">
  <testcase name="registrationPageTest" time="17.974" classname="com.emt.testcases.RegistrationPageTest"/>
  <system-out/>
</testsuite> <!-- com.emt.testcases.RegistrationPageTest -->
