<?xml version="1.0" encoding="UTF-8"?>
<!-- Generated by org.testng.reporters.JUnitReportReporter -->
<testsuite skipped="0" hostname="vaibs-pc" name="com.emt.testcases.FlightPageTest" tests="1" failures="0" timestamp="2021-10-18T16:15:18 IST" time="94.053" errors="0">
  <testcase name="flightPageTest" time="94.053" classname="com.emt.testcases.FlightPageTest"/>
  <system-out/>
</testsuite> <!-- com.emt.testcases.FlightPageTest -->
