<?xml version="1.0" encoding="UTF-8"?>
<!-- Generated by org.testng.reporters.JUnitReportReporter -->
<testsuite skipped="0" hostname="vaibs-pc" name="library.WindowHandling" tests="1" failures="0" timestamp="2021-10-15T22:49:53 IST" time="9.778" errors="0">
  <testcase name="setup" time="9.778" classname="library.WindowHandling"/>
  <system-out/>
</testsuite> <!-- library.WindowHandling -->
