<?xml version="1.0" encoding="UTF-8"?>
<!-- Generated by org.testng.reporters.JUnitReportReporter -->
<testsuite skipped="0" hostname="vaibs-pc" name="com.emt.testcases.FlightPageTest" tests="1" failures="0" timestamp="2021-10-19T12:51:11 IST" time="96.406" errors="0">
  <testcase name="flightPageTest" time="96.406" classname="com.emt.testcases.FlightPageTest"/>
  <system-out/>
</testsuite> <!-- com.emt.testcases.FlightPageTest -->
