<?xml version="1.0" encoding="UTF-8"?>
<!-- Generated by org.testng.reporters.JUnitReportReporter -->
<testsuite skipped="0" hostname="vaibs-pc" name="com.emt.testcases.RoundTripTest" tests="21" failures="0" timestamp="2021-10-19T18:15:20 IST" time="207.867" errors="0">
  <testcase name="fromDropdownNumberAcceptanceTest" time="5.597" classname="com.emt.testcases.RoundTripTest"/>
  <system-out/>
  <testcase name="fromDropdownDisplayTest" time="5.945" classname="com.emt.testcases.RoundTripTest"/>
  <system-out/>
  <testcase name="FromoriginLeftBlankTest" time="6.392" classname="com.emt.testcases.RoundTripTest"/>
  <system-out/>
  <testcase name="TravellersDropdownAdultAddDelTest" time="6.336" classname="com.emt.testcases.RoundTripTest"/>
  <system-out/>
  <testcase name="ToDropdownAlphaNumericTest" time="5.834" classname="com.emt.testcases.RoundTripTest"/>
  <system-out/>
  <testcase name="SelectDateTest" time="5.393" classname="com.emt.testcases.RoundTripTest"/>
  <system-out/>
  <testcase name="flightPageTest" time="92.615" classname="com.emt.testcases.RoundTripTest"/>
  <system-out/>
  <testcase name="fromDropdownAlphaNumericTest" time="5.608" classname="com.emt.testcases.RoundTripTest"/>
  <system-out/>
  <testcase name="ToDropdownDisplayTest" time="5.432" classname="com.emt.testcases.RoundTripTest"/>
  <system-out/>
  <testcase name="TravellersDropdownInfantAddDelTest" time="5.466" classname="com.emt.testcases.RoundTripTest"/>
  <system-out/>
  <testcase name="ToDropdownNumberAcceptanceTest" time="5.840" classname="com.emt.testcases.RoundTripTest"/>
  <system-out/>
  <testcase name="FromCountryOrCityTest" time="6.166" classname="com.emt.testcases.RoundTripTest"/>
  <system-out/>
  <testcase name="DateFieldClickTest" time="5.619" classname="com.emt.testcases.RoundTripTest"/>
  <system-out/>
  <testcase name="TravellersDropdownChildAddDelTest" time="5.742" classname="com.emt.testcases.RoundTripTest"/>
  <system-out/>
  <testcase name="TravellersDropdownMenuDisplayTest" time="5.354" classname="com.emt.testcases.RoundTripTest"/>
  <system-out/>
  <testcase name="SelectNextTwoMonthDateTest" time="5.816" classname="com.emt.testcases.RoundTripTest"/>
  <system-out/>
  <testcase name="ToCountryOrCityTest" time="5.909" classname="com.emt.testcases.RoundTripTest"/>
  <system-out/>
  <testcase name="ToDropdownCharacterAcceptanceTest" time="6.133" classname="com.emt.testcases.RoundTripTest"/>
  <system-out/>
  <testcase name="ToOriginLeftBlankTest" time="5.504" classname="com.emt.testcases.RoundTripTest"/>
  <system-out/>
  <testcase name="TravellersDropdownTest" time="5.522" classname="com.emt.testcases.RoundTripTest"/>
  <system-out/>
  <testcase name="fromDropdownCharacterAcceptanceTest" time="5.644" classname="com.emt.testcases.RoundTripTest"/>
  <system-out/>
</testsuite> <!-- com.emt.testcases.RoundTripTest -->
