<?xml version="1.0" encoding="UTF-8"?>
<!-- Generated by org.testng.reporters.JUnitReportReporter -->
<testsuite skipped="0" hostname="vaibs-pc" name="com.emt.testcases.LoginPageTest" tests="2" failures="0" timestamp="2021-10-18T16:17:35 IST" time="21.854" errors="0">
  <testcase name="invalidlogintest" time="12.393" classname="com.emt.testcases.LoginPageTest"/>
  <system-out/>
  <testcase name="loginPageTest" time="9.461" classname="com.emt.testcases.LoginPageTest"/>
  <system-out/>
</testsuite> <!-- com.emt.testcases.LoginPageTest -->
