<?xml version="1.0" encoding="UTF-8"?>
<!-- Generated by org.testng.reporters.JUnitReportReporter -->
<testsuite skipped="0" hostname="vaibs-pc" name="com.emt.testcases.LoginPageTest" tests="4" failures="0" timestamp="2021-10-19T18:15:20 IST" time="24.252" errors="0">
  <testcase name="validateLoginpageTitleTest" time="5.108" classname="com.emt.testcases.LoginPageTest"/>
  <system-out/>
  <testcase name="validateEMTLogoTest" time="4.930" classname="com.emt.testcases.LoginPageTest"/>
  <system-out/>
  <testcase name="loginPageTest" time="8.342" classname="com.emt.testcases.LoginPageTest"/>
  <system-out/>
  <testcase name="invalidlogintest" time="5.872" classname="com.emt.testcases.LoginPageTest"/>
  <system-out/>
</testsuite> <!-- com.emt.testcases.LoginPageTest -->
