<?xml version="1.0" encoding="UTF-8"?>
<!-- Generated by org.testng.reporters.JUnitReportReporter -->
<testsuite skipped="0" hostname="vaibs-pc" name="com.emt.testcases.RegistrationPageTest" tests="2" failures="0" timestamp="2021-10-19T18:15:20 IST" time="32.332" errors="0">
  <testcase name="registrationValidCredentialsTest" time="26.409" classname="com.emt.testcases.RegistrationPageTest"/>
  <system-out/>
  <testcase name="registrationInvalidCredentialsTest" time="5.923" classname="com.emt.testcases.RegistrationPageTest"/>
  <system-out/>
</testsuite> <!-- com.emt.testcases.RegistrationPageTest -->
